0 info it worked if it ends with ok
1 verbose cli [ 'C:\\Program Files\\nodejs\\node.exe',
1 verbose cli   'C:\\Program Files\\nodejs\\node_modules\\npm\\bin\\npm-cli.js',
1 verbose cli   'run',
1 verbose cli   'dev-build',
1 verbose cli   '--scripts-prepend-node-path=auto' ]
2 info using npm@3.10.10
3 info using node@v6.11.2
4 verbose run-script [ 'predev-build', 'dev-build', 'postdev-build' ]
5 info lifecycle react-calendar@0.0.1~predev-build: react-calendar@0.0.1
6 silly lifecycle react-calendar@0.0.1~predev-build: no script for predev-build, continuing
7 info lifecycle react-calendar@0.0.1~dev-build: react-calendar@0.0.1
8 verbose lifecycle react-calendar@0.0.1~dev-build: unsafe-perm in lifecycle true
9 verbose lifecycle react-calendar@0.0.1~dev-build: PATH: C:\Program Files\nodejs\node_modules\npm\bin\node-gyp-bin;E:\storage_data\documents\code\web\react-calendar\node_modules\.bin;C:\Program Files\Docker\Docker\Resources\bin;C:\Program Files\Docker\Docker\resources\bin;C:\Program Files (x86)\Common Files\Intel\Shared Libraries\redist\intel64\compiler;C:\ProgramData\Anaconda3;C:\ProgramData\Anaconda3\Library\mingw-w64\bin;C:\ProgramData\Anaconda3\Library\usr\bin;C:\ProgramData\Anaconda3\Library\bin;C:\ProgramData\Anaconda3\Scripts;C:\ProgramData\Oracle\Java\javapath;C:\Windows\System32;C:\Windows;C:\Windows\System32\wbem;C:\Windows\System32\WindowsPowerShell\v1.0\;C:\Program Files (x86)\NVIDIA Corporation\PhysX\Common;C:\Program Files (x86)\Skype\Phone\;C:\Program Files (x86)\Gtk#\bin;C:\Program Files (x86)\QuickTime\QTSystem\;C:\Windows\System32;C:\Windows;C:\Windows\System32\wbem;C:\Windows\System32\WindowsPowerShell\v1.0\;C:\Program Files (x86)\Shoes;C:\WINDOWS\system32\config\systemprofile\.dnx\bin;C:\Program Files\Microsoft DNX\Dnvm\;C:\Program Files\Microsoft SQL Server\130\Tools\Binn\;C:\Program Files (x86)\Windows Kits\10\Windows Performance Toolkit\;C:\Program Files\nodejs\;C:\Program Files\Git\cmd;C:\Program Files\Dart\dart-sdk\bin;C:\Users\Hannes\AppData\Local\Programs\Python\Python36-32\Scripts\;C:\Users\Hannes\AppData\Local\Programs\Python\Python36-32\;C:\RailsInstaller\Git\cmd;C:\RailsInstaller\Ruby2.2.0\bin;C:\Users\Hannes\AppData\Local\Microsoft\WindowsApps;C:\Program Files (x86)\SumatraPDF;C:\Users\Hannes\AppData\Local\Programs\MiKTeX 2.9\miktex\bin\x64\;C:\Users\Hannes\AppData\Local\atom\bin;C:\Users\Hannes\AppData\Roaming\npm;c:\Users\Hannes\AppData\Local\atom\bin;C:\Program Files\Heroku\bin;C:\Users\Hannes\AppData\Local\Microsoft\WindowsApps;e:\altera\12.0\modelsim_ase\win32aloem
10 verbose lifecycle react-calendar@0.0.1~dev-build: CWD: E:\storage_data\documents\code\web\react-calendar
11 silly lifecycle react-calendar@0.0.1~dev-build: Args: [ '/d /s /c', 'webpack -d --watch' ]
12 silly lifecycle react-calendar@0.0.1~dev-build: Returned: code: 1  signal: null
13 info lifecycle react-calendar@0.0.1~dev-build: Failed to exec dev-build script
14 verbose stack Error: react-calendar@0.0.1 dev-build: `webpack -d --watch`
14 verbose stack Exit status 1
14 verbose stack     at EventEmitter.<anonymous> (C:\Program Files\nodejs\node_modules\npm\lib\utils\lifecycle.js:255:16)
14 verbose stack     at emitTwo (events.js:106:13)
14 verbose stack     at EventEmitter.emit (events.js:191:7)
14 verbose stack     at ChildProcess.<anonymous> (C:\Program Files\nodejs\node_modules\npm\lib\utils\spawn.js:40:14)
14 verbose stack     at emitTwo (events.js:106:13)
14 verbose stack     at ChildProcess.emit (events.js:191:7)
14 verbose stack     at maybeClose (internal/child_process.js:891:16)
14 verbose stack     at Process.ChildProcess._handle.onexit (internal/child_process.js:226:5)
15 verbose pkgid react-calendar@0.0.1
16 verbose cwd E:\storage_data\documents\code\web\react-calendar
17 error Windows_NT 10.0.16299
18 error argv "C:\\Program Files\\nodejs\\node.exe" "C:\\Program Files\\nodejs\\node_modules\\npm\\bin\\npm-cli.js" "run" "dev-build" "--scripts-prepend-node-path=auto"
19 error node v6.11.2
20 error npm  v3.10.10
21 error code ELIFECYCLE
22 error react-calendar@0.0.1 dev-build: `webpack -d --watch`
22 error Exit status 1
23 error Failed at the react-calendar@0.0.1 dev-build script 'webpack -d --watch'.
23 error Make sure you have the latest version of node.js and npm installed.
23 error If you do, this is most likely a problem with the react-calendar package,
23 error not with npm itself.
23 error Tell the author that this fails on your system:
23 error     webpack -d --watch
23 error You can get information on how to open an issue for this project with:
23 error     npm bugs react-calendar
23 error Or if that isn't available, you can get their info via:
23 error     npm owner ls react-calendar
23 error There is likely additional logging output above.
24 verbose exit [ 1, true ]
